Arguments: 
  /Users/emanuelcaro/.nvm/versions/node/v16.13.1/bin/node /usr/local/bin/yarn add moongose

PATH: 
  ./bin:./node_modules/.bin:/Users/emanuelcaro/.nvm/versions/node/v16.13.1/bin:/Users/emanuelcaro/.rbenv/shims:/Users/emanuelcaro/.rbenv/bin:/Users/emanuelcaro/.pyenv/bin:/usr/local/bin:/usr/bin:/bin:/usr/sbin:/sbin:./bin:./node_modules/.bin:/Users/emanuelcaro/.nvm/versions/node/v16.13.1/bin:/Users/emanuelcaro/.rbenv/shims:/Users/emanuelcaro/.rbenv/bin:/Users/emanuelcaro/.pyenv/bin:/usr/local/sbin:/usr/local/sbin

Yarn version: 
  1.22.11

Node version: 
  16.13.1

Platform: 
  darwin x64

Trace: 
  Error: https://registry.yarnpkg.com/moongose: Not found
      at Request.params.callback [as _callback] (/usr/local/lib/node_modules/yarn/lib/cli.js:66992:18)
      at Request.self.callback (/usr/local/lib/node_modules/yarn/lib/cli.js:140763:22)
      at Request.emit (node:events:390:28)
      at Request.<anonymous> (/usr/local/lib/node_modules/yarn/lib/cli.js:141735:10)
      at Request.emit (node:events:390:28)
      at IncomingMessage.<anonymous> (/usr/local/lib/node_modules/yarn/lib/cli.js:141657:12)
      at Object.onceWrapper (node:events:509:28)
      at IncomingMessage.emit (node:events:402:35)
      at endReadableNT (node:internal/streams/readable:1343:12)
      at processTicksAndRejections (node:internal/process/task_queues:83:21)

npm manifest: 
  {
    "name": "server",
    "version": "1.0.0",
    "description": "server for taskManager ",
    "main": "index.js",
    "author": "emanuel caro",
    "license": "MIT",
    "scripts":{
      "dev": "node index.js"
    }
  }

yarn manifest: 
  No manifest

Lockfile: 
  No lockfile
